<?xml version="1.0" encoding="UTF-8"?>
<!-- Generated by org.testng.reporters.JUnitReportReporter -->
<testsuite hostname="DESKTOP-RBSCOFB" failures="0" tests="1" name="xpath.NewTest2" time="0.052" errors="0" timestamp="2024-04-06T21:46:05 IST" skipped="0">
  <testcase classname="xpath.NewTest2" name="f" time="0.052"/>
  <system-out/>
</testsuite> <!-- xpath.NewTest2 -->
